Performing C SOURCE FILE Test CMAKE_HAVE_LIBC_PTHREAD failed with the following output:
Change Dir: /home/zh/code/3dv_tutorial/build/CMakeFiles/CMakeTmp

Run Build Command(s):/usr/bin/make -f Makefile cmTC_4af02/fast && /usr/bin/make  -f CMakeFiles/cmTC_4af02.dir/build.make CMakeFiles/cmTC_4af02.dir/build
make[1]: Entering directory '/home/zh/code/3dv_tutorial/build/CMakeFiles/CMakeTmp'
Building C object CMakeFiles/cmTC_4af02.dir/src.c.o
/usr/bin/cc -DCMAKE_HAVE_LIBC_PTHREAD   -o CMakeFiles/cmTC_4af02.dir/src.c.o -c /home/zh/code/3dv_tutorial/build/CMakeFiles/CMakeTmp/src.c
Linking C executable cmTC_4af02
/usr/bin/cmake -E cmake_link_script CMakeFiles/cmTC_4af02.dir/link.txt --verbose=1
/usr/bin/cc -rdynamic CMakeFiles/cmTC_4af02.dir/src.c.o -o cmTC_4af02 
CMakeFiles/cmTC_4af02.dir/src.c.o: In function `main':
src.c:(.text+0x3e): undefined reference to `pthread_create'
src.c:(.text+0x4a): undefined reference to `pthread_detach'
src.c:(.text+0x56): undefined reference to `pthread_cancel'
src.c:(.text+0x67): undefined reference to `pthread_join'
src.c:(.text+0x7b): undefined reference to `pthread_atfork'
collect2: error: ld returned 1 exit status
CMakeFiles/cmTC_4af02.dir/build.make:98: recipe for target 'cmTC_4af02' failed
make[1]: *** [cmTC_4af02] Error 1
make[1]: Leaving directory '/home/zh/code/3dv_tutorial/build/CMakeFiles/CMakeTmp'
Makefile:127: recipe for target 'cmTC_4af02/fast' failed
make: *** [cmTC_4af02/fast] Error 2


Source file was:
#include <pthread.h>

static void* test_func(void* data)
{
  return data;
}

int main(void)
{
  pthread_t thread;
  pthread_create(&thread, NULL, test_func, NULL);
  pthread_detach(thread);
  pthread_cancel(thread);
  pthread_join(thread, NULL);
  pthread_atfork(NULL, NULL, NULL);
  pthread_exit(NULL);

  return 0;
}

Determining if the function pthread_create exists in the pthreads failed with the following output:
Change Dir: /home/zh/code/3dv_tutorial/build/CMakeFiles/CMakeTmp

Run Build Command(s):/usr/bin/make -f Makefile cmTC_08902/fast && /usr/bin/make  -f CMakeFiles/cmTC_08902.dir/build.make CMakeFiles/cmTC_08902.dir/build
make[1]: Entering directory '/home/zh/code/3dv_tutorial/build/CMakeFiles/CMakeTmp'
Building C object CMakeFiles/cmTC_08902.dir/CheckFunctionExists.c.o
/usr/bin/cc   -DCHECK_FUNCTION_EXISTS=pthread_create -o CMakeFiles/cmTC_08902.dir/CheckFunctionExists.c.o -c /usr/share/cmake-3.22/Modules/CheckFunctionExists.c
Linking C executable cmTC_08902
/usr/bin/cmake -E cmake_link_script CMakeFiles/cmTC_08902.dir/link.txt --verbose=1
/usr/bin/cc  -DCHECK_FUNCTION_EXISTS=pthread_create -rdynamic CMakeFiles/cmTC_08902.dir/CheckFunctionExists.c.o -o cmTC_08902  -lpthreads 
/usr/bin/ld: cannot find -lpthreads
collect2: error: ld returned 1 exit status
CMakeFiles/cmTC_08902.dir/build.make:98: recipe for target 'cmTC_08902' failed
make[1]: *** [cmTC_08902] Error 1
make[1]: Leaving directory '/home/zh/code/3dv_tutorial/build/CMakeFiles/CMakeTmp'
Makefile:127: recipe for target 'cmTC_08902/fast' failed
make: *** [cmTC_08902/fast] Error 2



Determining if the function sgemm_ exists failed with the following output:
Change Dir: /home/zh/code/3dv_tutorial/build/CMakeFiles/CMakeTmp

Run Build Command(s):/usr/bin/make -f Makefile cmTC_e1394/fast && /usr/bin/make  -f CMakeFiles/cmTC_e1394.dir/build.make CMakeFiles/cmTC_e1394.dir/build
make[1]: Entering directory '/home/zh/code/3dv_tutorial/build/CMakeFiles/CMakeTmp'
Building C object CMakeFiles/cmTC_e1394.dir/CheckFunctionExists.c.o
/usr/bin/cc   -DCHECK_FUNCTION_EXISTS=sgemm_ -o CMakeFiles/cmTC_e1394.dir/CheckFunctionExists.c.o -c /usr/share/cmake-3.22/Modules/CheckFunctionExists.c
Linking C executable cmTC_e1394
/usr/bin/cmake -E cmake_link_script CMakeFiles/cmTC_e1394.dir/link.txt --verbose=1
/usr/bin/cc  -DCHECK_FUNCTION_EXISTS=sgemm_ -rdynamic CMakeFiles/cmTC_e1394.dir/CheckFunctionExists.c.o -o cmTC_e1394 
CMakeFiles/cmTC_e1394.dir/CheckFunctionExists.c.o: In function `main':
CheckFunctionExists.c:(.text+0x10): undefined reference to `sgemm_'
collect2: error: ld returned 1 exit status
CMakeFiles/cmTC_e1394.dir/build.make:98: recipe for target 'cmTC_e1394' failed
make[1]: *** [cmTC_e1394] Error 1
make[1]: Leaving directory '/home/zh/code/3dv_tutorial/build/CMakeFiles/CMakeTmp'
Makefile:127: recipe for target 'cmTC_e1394/fast' failed
make: *** [cmTC_e1394/fast] Error 2



Determining if the function cheev_ exists failed with the following output:
Change Dir: /home/zh/code/3dv_tutorial/build/CMakeFiles/CMakeTmp

Run Build Command(s):/usr/bin/make -f Makefile cmTC_45b6d/fast && /usr/bin/make  -f CMakeFiles/cmTC_45b6d.dir/build.make CMakeFiles/cmTC_45b6d.dir/build
make[1]: Entering directory '/home/zh/code/3dv_tutorial/build/CMakeFiles/CMakeTmp'
Building C object CMakeFiles/cmTC_45b6d.dir/CheckFunctionExists.c.o
/usr/bin/cc   -DCHECK_FUNCTION_EXISTS=cheev_ -o CMakeFiles/cmTC_45b6d.dir/CheckFunctionExists.c.o -c /usr/share/cmake-3.22/Modules/CheckFunctionExists.c
Linking C executable cmTC_45b6d
/usr/bin/cmake -E cmake_link_script CMakeFiles/cmTC_45b6d.dir/link.txt --verbose=1
/usr/bin/cc  -DCHECK_FUNCTION_EXISTS=cheev_ -rdynamic CMakeFiles/cmTC_45b6d.dir/CheckFunctionExists.c.o -o cmTC_45b6d  /usr/lib/x86_64-linux-gnu/libblas.so -lpthread -lm -ldl 
CMakeFiles/cmTC_45b6d.dir/CheckFunctionExists.c.o: In function `main':
CheckFunctionExists.c:(.text+0x10): undefined reference to `cheev_'
collect2: error: ld returned 1 exit status
CMakeFiles/cmTC_45b6d.dir/build.make:99: recipe for target 'cmTC_45b6d' failed
make[1]: *** [cmTC_45b6d] Error 1
make[1]: Leaving directory '/home/zh/code/3dv_tutorial/build/CMakeFiles/CMakeTmp'
Makefile:127: recipe for target 'cmTC_45b6d/fast' failed
make: *** [cmTC_45b6d/fast] Error 2



Determining if the function cheev_ exists failed with the following output:
Change Dir: /home/zh/code/3dv_tutorial/build/CMakeFiles/CMakeTmp

Run Build Command(s):/usr/bin/make -f Makefile cmTC_e2e3d/fast && /usr/bin/make  -f CMakeFiles/cmTC_e2e3d.dir/build.make CMakeFiles/cmTC_e2e3d.dir/build
make[1]: Entering directory '/home/zh/code/3dv_tutorial/build/CMakeFiles/CMakeTmp'
Building C object CMakeFiles/cmTC_e2e3d.dir/CheckFunctionExists.c.o
/usr/bin/cc   -DCHECK_FUNCTION_EXISTS=cheev_ -o CMakeFiles/cmTC_e2e3d.dir/CheckFunctionExists.c.o -c /usr/share/cmake-3.22/Modules/CheckFunctionExists.c
Linking C executable cmTC_e2e3d
/usr/bin/cmake -E cmake_link_script CMakeFiles/cmTC_e2e3d.dir/link.txt --verbose=1
/usr/bin/cc  -DCHECK_FUNCTION_EXISTS=cheev_ -rdynamic CMakeFiles/cmTC_e2e3d.dir/CheckFunctionExists.c.o -o cmTC_e2e3d  /usr/lib/x86_64-linux-gnu/liblapack.so /usr/lib/x86_64-linux-gnu/libblas.so -fortranlibs 
cc: error: unrecognized command-line option ‘-fortranlibs’
CMakeFiles/cmTC_e2e3d.dir/build.make:100: recipe for target 'cmTC_e2e3d' failed
make[1]: *** [cmTC_e2e3d] Error 1
make[1]: Leaving directory '/home/zh/code/3dv_tutorial/build/CMakeFiles/CMakeTmp'
Makefile:127: recipe for target 'cmTC_e2e3d/fast' failed
make: *** [cmTC_e2e3d/fast] Error 2



